Using pre-set license
Built from '2021.3/staging' branch; Version is '2021.3.9f1 (ad3870b89536) revision 11352176'; Using compiler version '192829333'; Build Type 'Release'
OS: 'Windows 11  (10.0.22631) 64bit Professional' Language: 'ru' Physical Memory: 32693 MB
BatchMode: 1, IsHumanControllingUs: 0, StartBugReporterOnCrash: 0, Is64bit: 1, IsPro: 1

COMMAND LINE ARGUMENTS:
C:\Program Files\Unity\Hub\Editor\2021.3.9f1\Editor\Unity.exe
-adb2
-batchMode
-noUpm
-name
AssetImportWorker0
-projectPath
E:/GameProjects/UnityStart/UnityProject2GIT
-logFile
Logs/AssetImportWorker0.log
-srvPort
55826
Successfully changed project path to: E:/GameProjects/UnityStart/UnityProject2GIT
E:/GameProjects/UnityStart/UnityProject2GIT
[UnityMemory] Configuration Parameters - Can be set up in boot.config
    "memorysetup-bucket-allocator-granularity=16"
    "memorysetup-bucket-allocator-bucket-count=8"
    "memorysetup-bucket-allocator-block-size=33554432"
    "memorysetup-bucket-allocator-block-count=8"
    "memorysetup-main-allocator-block-size=16777216"
    "memorysetup-thread-allocator-block-size=16777216"
    "memorysetup-gfx-main-allocator-block-size=16777216"
    "memorysetup-gfx-thread-allocator-block-size=16777216"
    "memorysetup-cache-allocator-block-size=4194304"
    "memorysetup-typetree-allocator-block-size=2097152"
    "memorysetup-profiler-bucket-allocator-granularity=16"
    "memorysetup-profiler-bucket-allocator-bucket-count=8"
    "memorysetup-profiler-bucket-allocator-block-size=33554432"
    "memorysetup-profiler-bucket-allocator-block-count=8"
    "memorysetup-profiler-allocator-block-size=16777216"
    "memorysetup-profiler-editor-allocator-block-size=1048576"
    "memorysetup-temp-allocator-size-main=16777216"
    "memorysetup-job-temp-allocator-block-size=2097152"
    "memorysetup-job-temp-allocator-block-size-background=1048576"
    "memorysetup-job-temp-allocator-reduction-small-platforms=262144"
    "memorysetup-temp-allocator-size-background-worker=32768"
    "memorysetup-temp-allocator-size-job-worker=262144"
    "memorysetup-temp-allocator-size-preload-manager=33554432"
    "memorysetup-temp-allocator-size-nav-mesh-worker=65536"
    "memorysetup-temp-allocator-size-audio-worker=65536"
    "memorysetup-temp-allocator-size-cloud-worker=32768"
    "memorysetup-temp-allocator-size-gi-baking-worker=262144"
    "memorysetup-temp-allocator-size-gfx=262144"
Refreshing native plugins compatible for Editor in 116.73 ms, found 3 plugins.
Preloading 0 native plugins for Editor in 0.00 ms.
Initialize engine version: 2021.3.9f1 (ad3870b89536)
[Subsystems] Discovering subsystems at path C:/Program Files/Unity/Hub/Editor/2021.3.9f1/Editor/Data/Resources/UnitySubsystems
[Subsystems] Discovering subsystems at path E:/GameProjects/UnityStart/UnityProject2GIT/Assets
GfxDevice: creating device client; threaded=0; jobified=0
Direct3D:
    Version:  Direct3D 11.0 [level 11.1]
    Renderer: NVIDIA GeForce RTX 4060 (ID=0x2882)
    Vendor:   NVIDIA
    VRAM:     7957 MB
    Driver:   31.0.15.5212
Initialize mono
Mono path[0] = 'C:/Program Files/Unity/Hub/Editor/2021.3.9f1/Editor/Data/Managed'
Mono path[1] = 'C:/Program Files/Unity/Hub/Editor/2021.3.9f1/Editor/Data/MonoBleedingEdge/lib/mono/unityjit-win32'
Mono config path = 'C:/Program Files/Unity/Hub/Editor/2021.3.9f1/Editor/Data/MonoBleedingEdge/etc'
Using monoOptions --debugger-agent=transport=dt_socket,embedding=1,server=y,suspend=n,address=127.0.0.1:56968
Begin MonoManager ReloadAssembly
Registering precompiled unity dll's ...
Register platform support module: C:/Program Files/Unity/Hub/Editor/2021.3.9f1/Editor/Data/PlaybackEngines/WindowsStandaloneSupport/UnityEditor.WindowsStandalone.Extensions.dll
Registered in 0.008468 seconds.
Native extension for WindowsStandalone target not found
Refreshing native plugins compatible for Editor in 101.17 ms, found 3 plugins.
Preloading 0 native plugins for Editor in 0.00 ms.
Mono: successfully reloaded assembly
- Completed reload, in  0.770 seconds
Domain Reload Profiling:
	ReloadAssembly (771ms)
		BeginReloadAssembly (95ms)
			ExecutionOrderSort (0ms)
			DisableScriptedObjects (0ms)
			BackupInstance (0ms)
			ReleaseScriptingObjects (0ms)
			CreateAndSetChildDomain (3ms)
		EndReloadAssembly (538ms)
			LoadAssemblies (92ms)
			RebuildTransferFunctionScriptingTraits (0ms)
			SetupTypeCache (132ms)
			ReleaseScriptCaches (0ms)
			RebuildScriptCaches (35ms)
			SetupLoadedEditorAssemblies (314ms)
				LogAssemblyErrors (0ms)
				InitializePlatformSupportModulesInManaged (8ms)
				SetLoadedEditorAssemblies (0ms)
				RefreshPlugins (101ms)
				BeforeProcessingInitializeOnLoad (3ms)
				ProcessInitializeOnLoadAttributes (146ms)
				ProcessInitializeOnLoadMethodAttributes (56ms)
				AfterProcessingInitializeOnLoad (0ms)
				EditorAssembliesLoaded (0ms)
			ExecutionOrderSort2 (0ms)
			AwakeInstancesAfterBackupRestoration (0ms)
Platform modules already initialized, skipping
Registering precompiled user dll's ...
Registered in 0.010080 seconds.
Begin MonoManager ReloadAssembly
Symbol file LoadedFromMemory doesn't match image E:\GameProjects\UnityStart\UnityProject2GIT\Library\PackageCache\com.unity.visualscripting@1.7.8\Editor\VisualScripting.Core\Dependencies\YamlDotNet\Unity.VisualScripting.YamlDotNet.dll
Symbol file LoadedFromMemory doesn't match image E:\GameProjects\UnityStart\UnityProject2GIT\Library\PackageCache\com.unity.visualscripting@1.7.8\Editor\VisualScripting.Core\Dependencies\DotNetZip\Unity.VisualScripting.IonicZip.dll
Native extension for WindowsStandalone target not found
Refreshing native plugins compatible for Editor in 1.40 ms, found 3 plugins.
Preloading 0 native plugins for Editor in 0.00 ms.
Mono: successfully reloaded assembly
- Completed reload, in  1.363 seconds
Domain Reload Profiling:
	ReloadAssembly (1364ms)
		BeginReloadAssembly (150ms)
			ExecutionOrderSort (0ms)
			DisableScriptedObjects (7ms)
			BackupInstance (0ms)
			ReleaseScriptingObjects (0ms)
			CreateAndSetChildDomain (27ms)
		EndReloadAssembly (1051ms)
			LoadAssemblies (93ms)
			RebuildTransferFunctionScriptingTraits (0ms)
			SetupTypeCache (358ms)
			ReleaseScriptCaches (1ms)
			RebuildScriptCaches (76ms)
			SetupLoadedEditorAssemblies (470ms)
				LogAssemblyErrors (0ms)
				InitializePlatformSupportModulesInManaged (7ms)
				SetLoadedEditorAssemblies (1ms)
				RefreshPlugins (2ms)
				BeforeProcessingInitializeOnLoad (115ms)
				ProcessInitializeOnLoadAttributes (297ms)
				ProcessInitializeOnLoadMethodAttributes (34ms)
				AfterProcessingInitializeOnLoad (15ms)
				EditorAssembliesLoaded (1ms)
			ExecutionOrderSort2 (0ms)
			AwakeInstancesAfterBackupRestoration (10ms)
Platform modules already initialized, skipping
========================================================================
Worker process is ready to serve import requests
Launched and connected shader compiler UnityShaderCompiler.exe after 0.10 seconds
Refreshing native plugins compatible for Editor in 1.22 ms, found 3 plugins.
Preloading 0 native plugins for Editor in 0.00 ms.
Unloading 3634 Unused Serialized files (Serialized files now loaded: 0)
Unloading 33 unused Assets / (111.6 KB). Loaded Objects now: 4088.
Memory consumption went from 128.7 MB to 128.5 MB.
Total: 3.517300 ms (FindLiveObjects: 0.386700 ms CreateObjectMapping: 0.104200 ms MarkObjects: 2.891500 ms  DeleteObjects: 0.133000 ms)

AssetImportParameters requested are different than current active one (requested -> active):
  custom:video-decoder-ogg-theora: a1e56fd34408186e4bbccfd4996cb3dc -> 
  custom:container-muxer-webm: aa71ff27fc2769a1b78a27578f13a17b -> 
  custom:container-demuxer-webm: 4f35f7cbe854078d1ac9338744f61a02 -> 
  custom:video-encoder-webm-vp8: eb34c28f22e8b96e1ab97ce403110664 -> 
  custom:video-codec-MediaFoundation-h265: 746d11721c4dcdbdad8f713fa42b33f4 -> 
  custom:audio-encoder-webm-vorbis: bf7c407c2cedff20999df2af8eb42d56 -> 
  custom:framework-win-MediaFoundation: 216162199b28c13a410421893ffa2e32 -> 
  custom:container-demuxer-ogg: 62fdf1f143b41e24485cea50d1cbac27 -> 
  custom:video-decoder-webm-vp8: 9c59270c3fd7afecdb556c50c9e8de78 -> 
  custom:audio-decoder-ogg-vorbis: bf7c407c2cedff20999df2af8eb42d56 -> 
========================================================================
Received Import Request.
  Time since last request: 499068.237514 seconds.
  path: Assets/Character/Adventurer_Female/Fast Run.fbx
  artifactKey: Guid(53cfb29f478d3a44da68f4ceaf66ffed) Importer(815301076,1909f56bfc062723c751e8b465ee728b)
Start importing Assets/Character/Adventurer_Female/Fast Run.fbx using Guid(53cfb29f478d3a44da68f4ceaf66ffed) Importer(815301076,1909f56bfc062723c751e8b465ee728b)  -> (artifact id: '2eefb42fa14b72472cdd99f33d173d0f') in 0.304953 seconds 
========================================================================
Received Import Request.
  Time since last request: 25.405361 seconds.
  path: Assets/Character/Adventurer_Female/Walking.fbx
  artifactKey: Guid(6a37f074668efeb4fb8553e1751f649c) Importer(815301076,1909f56bfc062723c751e8b465ee728b)
Start importing Assets/Character/Adventurer_Female/Walking.fbx using Guid(6a37f074668efeb4fb8553e1751f649c) Importer(815301076,1909f56bfc062723c751e8b465ee728b)  -> (artifact id: 'b567685d3ffa138524f286f184fae903') in 0.101034 seconds 
========================================================================
Received Import Request.
  Time since last request: 10.399919 seconds.
  path: Assets/Character/Adventurer_Female/Walking.fbx
  artifactKey: Guid(6a37f074668efeb4fb8553e1751f649c) Importer(815301076,1909f56bfc062723c751e8b465ee728b)
Start importing Assets/Character/Adventurer_Female/Walking.fbx using Guid(6a37f074668efeb4fb8553e1751f649c) Importer(815301076,1909f56bfc062723c751e8b465ee728b)  -> (artifact id: '5319aa66a176450bd374559c4efb1222') in 0.103070 seconds 
========================================================================
Received Import Request.
  Time since last request: 12.859771 seconds.
  path: Assets/Character/Adventurer_Female/Idle.fbx
  artifactKey: Guid(02b16f02271cd5840b4cc33d3cba6472) Importer(815301076,1909f56bfc062723c751e8b465ee728b)
Start importing Assets/Character/Adventurer_Female/Idle.fbx using Guid(02b16f02271cd5840b4cc33d3cba6472) Importer(815301076,1909f56bfc062723c751e8b465ee728b)  -> (artifact id: '1846eee7403c914d714d725e498d1635') in 0.092573 seconds 
========================================================================
Received Import Request.
  Time since last request: 14.895764 seconds.
  path: Assets/Character/Armored_Female
  artifactKey: Guid(2e9bf2e9f668509498a3cfc85286f39d) Importer(815301076,1909f56bfc062723c751e8b465ee728b)
Start importing Assets/Character/Armored_Female using Guid(2e9bf2e9f668509498a3cfc85286f39d) Importer(815301076,1909f56bfc062723c751e8b465ee728b)  -> (artifact id: '28e9c5817aa131965c1281b29f7914df') in 0.001458 seconds 
========================================================================
Received Import Request.
  Time since last request: 0.088028 seconds.
  path: Assets/Character/Armored_Female/Fast Run.fbx
  artifactKey: Guid(111ff6d6ff8ce064890824cf8a3bb1db) Importer(815301076,1909f56bfc062723c751e8b465ee728b)
Start importing Assets/Character/Armored_Female/Fast Run.fbx using Guid(111ff6d6ff8ce064890824cf8a3bb1db) Importer(815301076,1909f56bfc062723c751e8b465ee728b)  -> (artifact id: 'ee5ed00b4413263c0d9677f60a4232e2') in 0.076475 seconds 
========================================================================
Received Import Request.
  Time since last request: 0.000039 seconds.
  path: Assets/Character/Armored_Female/Walking.fbx
  artifactKey: Guid(503e20783d5b8464a967df5e59bddafe) Importer(815301076,1909f56bfc062723c751e8b465ee728b)
Start importing Assets/Character/Armored_Female/Walking.fbx using Guid(503e20783d5b8464a967df5e59bddafe) Importer(815301076,1909f56bfc062723c751e8b465ee728b)  -> (artifact id: '97a6d8631859682e4dbdc45fc2757575') in 0.080771 seconds 
========================================================================
Received Import Request.
  Time since last request: 15.612066 seconds.
  path: Assets/Character/Armored_Female/Idle.fbx
  artifactKey: Guid(efb222bbaad4d3848a9afd8a6546a4c4) Importer(815301076,1909f56bfc062723c751e8b465ee728b)
Start importing Assets/Character/Armored_Female/Idle.fbx using Guid(efb222bbaad4d3848a9afd8a6546a4c4) Importer(815301076,1909f56bfc062723c751e8b465ee728b)  -> (artifact id: 'd4e1c5c615acbdf82b7ac38ec11dafd9') in 0.085059 seconds 
========================================================================
Received Import Request.
  Time since last request: 29.321186 seconds.
  path: Assets/Character/Armored_Female/Idle.fbx
  artifactKey: Guid(efb222bbaad4d3848a9afd8a6546a4c4) Importer(815301076,1909f56bfc062723c751e8b465ee728b)
Start importing Assets/Character/Armored_Female/Idle.fbx using Guid(efb222bbaad4d3848a9afd8a6546a4c4) Importer(815301076,1909f56bfc062723c751e8b465ee728b)  -> (artifact id: '4058c74dfff93d33943fb10f87e3d4a9') in 0.089716 seconds 
========================================================================
Received Import Request.
  Time since last request: 14.021795 seconds.
  path: Assets/Character/Armored_Female/Fast Run.fbx
  artifactKey: Guid(111ff6d6ff8ce064890824cf8a3bb1db) Importer(815301076,1909f56bfc062723c751e8b465ee728b)
Start importing Assets/Character/Armored_Female/Fast Run.fbx using Guid(111ff6d6ff8ce064890824cf8a3bb1db) Importer(815301076,1909f56bfc062723c751e8b465ee728b)  -> (artifact id: '79f6bf28b5f99d6e0f9385945f3b103f') in 0.088376 seconds 
========================================================================
Received Import Request.
  Time since last request: 4.412444 seconds.
  path: Assets/Character/Armored_Female/Walking.fbx
  artifactKey: Guid(503e20783d5b8464a967df5e59bddafe) Importer(815301076,1909f56bfc062723c751e8b465ee728b)
Start importing Assets/Character/Armored_Female/Walking.fbx using Guid(503e20783d5b8464a967df5e59bddafe) Importer(815301076,1909f56bfc062723c751e8b465ee728b)  -> (artifact id: 'e156f2b8f03dc3a76bb0abd00350642e') in 0.080793 seconds 
========================================================================
Received Import Request.
  Time since last request: 25.843680 seconds.
  path: Assets/Character/Armored_Female/Fast Run.fbx
  artifactKey: Guid(111ff6d6ff8ce064890824cf8a3bb1db) Importer(815301076,1909f56bfc062723c751e8b465ee728b)
Start importing Assets/Character/Armored_Female/Fast Run.fbx using Guid(111ff6d6ff8ce064890824cf8a3bb1db) Importer(815301076,1909f56bfc062723c751e8b465ee728b)  -> (artifact id: '3494f9c33b8677edd396283e80aaf03d') in 0.095644 seconds 
========================================================================
Received Import Request.
  Time since last request: 32.408094 seconds.
  path: Assets/Character/Armored_Female/Walking.fbx
  artifactKey: Guid(503e20783d5b8464a967df5e59bddafe) Importer(815301076,1909f56bfc062723c751e8b465ee728b)
Start importing Assets/Character/Armored_Female/Walking.fbx using Guid(503e20783d5b8464a967df5e59bddafe) Importer(815301076,1909f56bfc062723c751e8b465ee728b)  -> (artifact id: '97ea22393c79e588d5a84a922f38d38a') in 0.082071 seconds 
========================================================================
Received Import Request.
  Time since last request: 3.421346 seconds.
  path: Assets/Character/Casual
  artifactKey: Guid(e01004a9a04e0714c89493c8f7cc4c05) Importer(815301076,1909f56bfc062723c751e8b465ee728b)
Start importing Assets/Character/Casual using Guid(e01004a9a04e0714c89493c8f7cc4c05) Importer(815301076,1909f56bfc062723c751e8b465ee728b)  -> (artifact id: 'da3c21db5e37a3804d3d343683207cb8') in 0.001484 seconds 
========================================================================
Received Import Request.
  Time since last request: 0.065651 seconds.
  path: Assets/Character/Casual/Fast Run.fbx
  artifactKey: Guid(420a2a043bef0ef49aeba33b90439a61) Importer(815301076,1909f56bfc062723c751e8b465ee728b)
Start importing Assets/Character/Casual/Fast Run.fbx using Guid(420a2a043bef0ef49aeba33b90439a61) Importer(815301076,1909f56bfc062723c751e8b465ee728b)  -> (artifact id: 'b5745135998e7fe3edbe3b4914e66ce8') in 0.103832 seconds 
========================================================================
Received Import Request.
  Time since last request: 6.585036 seconds.
  path: Assets/Character/Casual/Idle.fbx
  artifactKey: Guid(4ad350d271849e94789686323e40d7ad) Importer(815301076,1909f56bfc062723c751e8b465ee728b)
Start importing Assets/Character/Casual/Idle.fbx using Guid(4ad350d271849e94789686323e40d7ad) Importer(815301076,1909f56bfc062723c751e8b465ee728b)  -> (artifact id: 'af0c67dd021542f8ee203373482987dd') in 0.094447 seconds 
========================================================================
Received Import Request.
  Time since last request: 4.948250 seconds.
  path: Assets/Character/Casual/Fast Run.fbx
  artifactKey: Guid(420a2a043bef0ef49aeba33b90439a61) Importer(815301076,1909f56bfc062723c751e8b465ee728b)
Start importing Assets/Character/Casual/Fast Run.fbx using Guid(420a2a043bef0ef49aeba33b90439a61) Importer(815301076,1909f56bfc062723c751e8b465ee728b)  -> (artifact id: '8ec5b350a2f231b3381a04d6a3b2d5c7') in 0.106833 seconds 
========================================================================
Received Import Request.
  Time since last request: 4.897192 seconds.
  path: Assets/Character/Casual/Walking.fbx
  artifactKey: Guid(58a6000bb207e4545b203325d80bca9b) Importer(815301076,1909f56bfc062723c751e8b465ee728b)
Start importing Assets/Character/Casual/Walking.fbx using Guid(58a6000bb207e4545b203325d80bca9b) Importer(815301076,1909f56bfc062723c751e8b465ee728b)  -> (artifact id: 'dbd9c446cb9e6a027d1c572773712c6a') in 0.126741 seconds 
========================================================================
Received Import Request.
  Time since last request: 41.886774 seconds.
  path: Assets/Character/Casual/Idle.fbx
  artifactKey: Guid(4ad350d271849e94789686323e40d7ad) Importer(815301076,1909f56bfc062723c751e8b465ee728b)
Start importing Assets/Character/Casual/Idle.fbx using Guid(4ad350d271849e94789686323e40d7ad) Importer(815301076,1909f56bfc062723c751e8b465ee728b)  -> (artifact id: '86d2dd3bbde570d770674698c163ee01') in 0.089831 seconds 
========================================================================
Received Import Request.
  Time since last request: 19.954352 seconds.
  path: Assets/Character/Casual/Fast Run.fbx
  artifactKey: Guid(420a2a043bef0ef49aeba33b90439a61) Importer(815301076,1909f56bfc062723c751e8b465ee728b)
Start importing Assets/Character/Casual/Fast Run.fbx using Guid(420a2a043bef0ef49aeba33b90439a61) Importer(815301076,1909f56bfc062723c751e8b465ee728b)  -> (artifact id: '4035a8d53d9b1c7154d360a14ff340df') in 0.101562 seconds 
========================================================================
Received Import Request.
  Time since last request: 21.961044 seconds.
  path: Assets/Character/Casual/Walking.fbx
  artifactKey: Guid(58a6000bb207e4545b203325d80bca9b) Importer(815301076,1909f56bfc062723c751e8b465ee728b)
Start importing Assets/Character/Casual/Walking.fbx using Guid(58a6000bb207e4545b203325d80bca9b) Importer(815301076,1909f56bfc062723c751e8b465ee728b)  -> (artifact id: 'efb71fc9365e5c414689cacbfdbe2b52') in 0.109107 seconds 
========================================================================
Received Import Request.
  Time since last request: 5.237040 seconds.
  path: Assets/Character/Punk
  artifactKey: Guid(e308a0ee3748cb34c9a05c8098a7ddc9) Importer(815301076,1909f56bfc062723c751e8b465ee728b)
Start importing Assets/Character/Punk using Guid(e308a0ee3748cb34c9a05c8098a7ddc9) Importer(815301076,1909f56bfc062723c751e8b465ee728b)  -> (artifact id: '4323bef19a776e0068808f6a8e3813ec') in 0.001218 seconds 
========================================================================
Received Import Request.
  Time since last request: 0.073684 seconds.
  path: Assets/Character/Punk/Fast Run.fbx
  artifactKey: Guid(bb2bbc07bd5ef1e4b9a6034b6bc70724) Importer(815301076,1909f56bfc062723c751e8b465ee728b)
Start importing Assets/Character/Punk/Fast Run.fbx using Guid(bb2bbc07bd5ef1e4b9a6034b6bc70724) Importer(815301076,1909f56bfc062723c751e8b465ee728b)  -> (artifact id: '6153327ed6d005e7341212f41b72f8cd') in 0.093085 seconds 
========================================================================
Received Import Request.
  Time since last request: 0.000030 seconds.
  path: Assets/Character/Punk/Walking.fbx
  artifactKey: Guid(a5703b64e02e8e94ebbda09aff36e721) Importer(815301076,1909f56bfc062723c751e8b465ee728b)
Start importing Assets/Character/Punk/Walking.fbx using Guid(a5703b64e02e8e94ebbda09aff36e721) Importer(815301076,1909f56bfc062723c751e8b465ee728b)  -> (artifact id: 'd98ce2be659a246b17a97360b507b6ac') in 0.083633 seconds 
========================================================================
Received Import Request.
  Time since last request: 29.137187 seconds.
  path: Assets/Character/Punk/Idle.fbx
  artifactKey: Guid(d7e4ac4b2c54a474ba3ef26f92d52ae4) Importer(815301076,1909f56bfc062723c751e8b465ee728b)
Start importing Assets/Character/Punk/Idle.fbx using Guid(d7e4ac4b2c54a474ba3ef26f92d52ae4) Importer(815301076,1909f56bfc062723c751e8b465ee728b)  -> (artifact id: '69f9105602b29c4cb73e4be97cc103b0') in 0.086453 seconds 
========================================================================
Received Import Request.
  Time since last request: 10.051593 seconds.
  path: Assets/Character/Punk/Fast Run.fbx
  artifactKey: Guid(bb2bbc07bd5ef1e4b9a6034b6bc70724) Importer(815301076,1909f56bfc062723c751e8b465ee728b)
Start importing Assets/Character/Punk/Fast Run.fbx using Guid(bb2bbc07bd5ef1e4b9a6034b6bc70724) Importer(815301076,1909f56bfc062723c751e8b465ee728b)  -> (artifact id: '7e1d8d2a96012313526c5b8e64462e50') in 0.091296 seconds 
========================================================================
Received Import Request.
  Time since last request: 16.185411 seconds.
  path: Assets/Character/Punk/Walking.fbx
  artifactKey: Guid(a5703b64e02e8e94ebbda09aff36e721) Importer(815301076,1909f56bfc062723c751e8b465ee728b)
Start importing Assets/Character/Punk/Walking.fbx using Guid(a5703b64e02e8e94ebbda09aff36e721) Importer(815301076,1909f56bfc062723c751e8b465ee728b)  -> (artifact id: 'd53542a652e678746422c3c94f718784') in 0.089892 seconds 
========================================================================
Received Import Request.
  Time since last request: 22.409458 seconds.
  path: Assets/Character/Adventurer_Male/Adv_Male.controller
  artifactKey: Guid(6abf54d7ad982a64ebfcb12488201c6f) Importer(815301076,1909f56bfc062723c751e8b465ee728b)
Start importing Assets/Character/Adventurer_Male/Adv_Male.controller using Guid(6abf54d7ad982a64ebfcb12488201c6f) Importer(815301076,1909f56bfc062723c751e8b465ee728b)  -> (artifact id: '50f3d2e1dfd048d118030a03a5f8c0ba') in 0.008344 seconds 
========================================================================
Received Import Request.
  Time since last request: 6.671220 seconds.
  path: Assets/Character/Adventurer_Female/Adv_Male.controller
  artifactKey: Guid(b725d13860f10b0458bc6696154d0272) Importer(815301076,1909f56bfc062723c751e8b465ee728b)
Start importing Assets/Character/Adventurer_Female/Adv_Male.controller using Guid(b725d13860f10b0458bc6696154d0272) Importer(815301076,1909f56bfc062723c751e8b465ee728b)  -> (artifact id: '1d2f0eb9e37f16e3a295fc93bc05c920') in 0.003475 seconds 
========================================================================
Received Import Request.
  Time since last request: 8.683362 seconds.
  path: Assets/Character/Adventurer_Female/Adv_Female.controller
  artifactKey: Guid(b725d13860f10b0458bc6696154d0272) Importer(815301076,1909f56bfc062723c751e8b465ee728b)
Start importing Assets/Character/Adventurer_Female/Adv_Female.controller using Guid(b725d13860f10b0458bc6696154d0272) Importer(815301076,1909f56bfc062723c751e8b465ee728b)  -> (artifact id: '57b696f1fe9bad36ce45d563f2e28322') in 0.006249 seconds 
========================================================================
Received Import Request.
  Time since last request: 105.307854 seconds.
  path: Assets/Character/Adventurer_Female/Adv_Female.controller
  artifactKey: Guid(b725d13860f10b0458bc6696154d0272) Importer(815301076,1909f56bfc062723c751e8b465ee728b)
Start importing Assets/Character/Adventurer_Female/Adv_Female.controller using Guid(b725d13860f10b0458bc6696154d0272) Importer(815301076,1909f56bfc062723c751e8b465ee728b)  -> (artifact id: '9b483f53c2df7b68a3e98c68d3075789') in 0.006608 seconds 
========================================================================
Received Import Request.
  Time since last request: 8.956301 seconds.
  path: Assets/Character/Armored_Female/Adv_Female.controller
  artifactKey: Guid(933962018e0de01479ae97cfe9dccd95) Importer(815301076,1909f56bfc062723c751e8b465ee728b)
Start importing Assets/Character/Armored_Female/Adv_Female.controller using Guid(933962018e0de01479ae97cfe9dccd95) Importer(815301076,1909f56bfc062723c751e8b465ee728b)  -> (artifact id: 'fd3421e92c87aa4951c27eb8973fd72e') in 0.005606 seconds 
========================================================================
Received Import Request.
  Time since last request: 21.031198 seconds.
  path: Assets/Character/Armored_Female/Arm_Female.controller
  artifactKey: Guid(933962018e0de01479ae97cfe9dccd95) Importer(815301076,1909f56bfc062723c751e8b465ee728b)
Start importing Assets/Character/Armored_Female/Arm_Female.controller using Guid(933962018e0de01479ae97cfe9dccd95) Importer(815301076,1909f56bfc062723c751e8b465ee728b)  -> (artifact id: 'c45684b0c13fd7fb321bb099308b55f7') in 0.007512 seconds 
========================================================================
Received Import Request.
  Time since last request: 60.679083 seconds.
  path: Assets/Character/Armored_Female/Arm_Female.controller
  artifactKey: Guid(933962018e0de01479ae97cfe9dccd95) Importer(815301076,1909f56bfc062723c751e8b465ee728b)
Start importing Assets/Character/Armored_Female/Arm_Female.controller using Guid(933962018e0de01479ae97cfe9dccd95) Importer(815301076,1909f56bfc062723c751e8b465ee728b)  -> (artifact id: '9286a65bec453e822e83736e154b88ca') in 0.008225 seconds 
========================================================================
Received Import Request.
  Time since last request: 16.033438 seconds.
  path: Assets/Character/Casual/Adv_Male.controller
  artifactKey: Guid(8f4a8268039ac9c4d99a607f74c5d754) Importer(815301076,1909f56bfc062723c751e8b465ee728b)
Start importing Assets/Character/Casual/Adv_Male.controller using Guid(8f4a8268039ac9c4d99a607f74c5d754) Importer(815301076,1909f56bfc062723c751e8b465ee728b)  -> (artifact id: '65004e16d6bc845a08b8afbc621eeb8a') in 0.003632 seconds 
========================================================================
Received Import Request.
  Time since last request: 8.052442 seconds.
  path: Assets/Character/Casual/Cas_Male.controller
  artifactKey: Guid(8f4a8268039ac9c4d99a607f74c5d754) Importer(815301076,1909f56bfc062723c751e8b465ee728b)
Start importing Assets/Character/Casual/Cas_Male.controller using Guid(8f4a8268039ac9c4d99a607f74c5d754) Importer(815301076,1909f56bfc062723c751e8b465ee728b)  -> (artifact id: '3f51acd3771c27bcd5c4a006c24b964d') in 0.005798 seconds 
========================================================================
Received Import Request.
  Time since last request: 47.887043 seconds.
  path: Assets/Character/Casual/Cas_Male.controller
  artifactKey: Guid(8f4a8268039ac9c4d99a607f74c5d754) Importer(815301076,1909f56bfc062723c751e8b465ee728b)
Start importing Assets/Character/Casual/Cas_Male.controller using Guid(8f4a8268039ac9c4d99a607f74c5d754) Importer(815301076,1909f56bfc062723c751e8b465ee728b)  -> (artifact id: 'db067598bc798398a64f9e22461313b2') in 0.008121 seconds 
========================================================================
Received Import Request.
  Time since last request: 29.268808 seconds.
  path: Assets/Character/Punk/Cas_Male.controller
  artifactKey: Guid(49f83f2a784189240934312f7dc8b8f7) Importer(815301076,1909f56bfc062723c751e8b465ee728b)
Start importing Assets/Character/Punk/Cas_Male.controller using Guid(49f83f2a784189240934312f7dc8b8f7) Importer(815301076,1909f56bfc062723c751e8b465ee728b)  -> (artifact id: 'caf36e8af42728225fd0f62984391bcb') in 0.006068 seconds 
========================================================================
Received Import Request.
  Time since last request: 6.684818 seconds.
  path: Assets/Character/Punk/Punk_Male.controller
  artifactKey: Guid(49f83f2a784189240934312f7dc8b8f7) Importer(815301076,1909f56bfc062723c751e8b465ee728b)
Start importing Assets/Character/Punk/Punk_Male.controller using Guid(49f83f2a784189240934312f7dc8b8f7) Importer(815301076,1909f56bfc062723c751e8b465ee728b)  -> (artifact id: 'ba2eec492accc7167e91a1eddab88b28') in 0.008597 seconds 
========================================================================
Received Import Request.
  Time since last request: 34.451284 seconds.
  path: Assets/Character/Punk/Punk_Male.controller
  artifactKey: Guid(49f83f2a784189240934312f7dc8b8f7) Importer(815301076,1909f56bfc062723c751e8b465ee728b)
Start importing Assets/Character/Punk/Punk_Male.controller using Guid(49f83f2a784189240934312f7dc8b8f7) Importer(815301076,1909f56bfc062723c751e8b465ee728b)  -> (artifact id: '7475e37d7e2afceb583351f286161c83') in 0.009672 seconds 
========================================================================
Received Prepare
Registering precompiled user dll's ...
Registered in 0.008658 seconds.
Begin MonoManager ReloadAssembly
Symbol file LoadedFromMemory doesn't match image E:\GameProjects\UnityStart\UnityProject2GIT\Library\PackageCache\com.unity.visualscripting@1.7.8\Editor\VisualScripting.Core\Dependencies\YamlDotNet\Unity.VisualScripting.YamlDotNet.dll
Symbol file LoadedFromMemory doesn't match image E:\GameProjects\UnityStart\UnityProject2GIT\Library\PackageCache\com.unity.visualscripting@1.7.8\Editor\VisualScripting.Core\Dependencies\DotNetZip\Unity.VisualScripting.IonicZip.dll
Native extension for WindowsStandalone target not found
Refreshing native plugins compatible for Editor in 1.18 ms, found 3 plugins.
Preloading 0 native plugins for Editor in 0.00 ms.
Mono: successfully reloaded assembly
- Completed reload, in  1.332 seconds
Domain Reload Profiling:
	ReloadAssembly (1333ms)
		BeginReloadAssembly (168ms)
			ExecutionOrderSort (0ms)
			DisableScriptedObjects (5ms)
			BackupInstance (0ms)
			ReleaseScriptingObjects (0ms)
			CreateAndSetChildDomain (53ms)
		EndReloadAssembly (1051ms)
			LoadAssemblies (101ms)
			RebuildTransferFunctionScriptingTraits (0ms)
			SetupTypeCache (364ms)
			ReleaseScriptCaches (2ms)
			RebuildScriptCaches (75ms)
			SetupLoadedEditorAssemblies (454ms)
				LogAssemblyErrors (0ms)
				InitializePlatformSupportModulesInManaged (17ms)
				SetLoadedEditorAssemblies (1ms)
				RefreshPlugins (1ms)
				BeforeProcessingInitializeOnLoad (81ms)
				ProcessInitializeOnLoadAttributes (301ms)
				ProcessInitializeOnLoadMethodAttributes (46ms)
				AfterProcessingInitializeOnLoad (7ms)
				EditorAssembliesLoaded (0ms)
			ExecutionOrderSort2 (0ms)
			AwakeInstancesAfterBackupRestoration (10ms)
Platform modules already initialized, skipping
Refreshing native plugins compatible for Editor in 3.52 ms, found 3 plugins.
Preloading 0 native plugins for Editor in 0.00 ms.
Unloading 3615 Unused Serialized files (Serialized files now loaded: 0)
Unloading 25 unused Assets / (79.0 KB). Loaded Objects now: 4136.
Memory consumption went from 144.9 MB to 144.8 MB.
Total: 7.464700 ms (FindLiveObjects: 0.806700 ms CreateObjectMapping: 0.376700 ms MarkObjects: 5.987800 ms  DeleteObjects: 0.291300 ms)

AssetImportParameters requested are different than current active one (requested -> active):
  custom:video-decoder-ogg-theora: a1e56fd34408186e4bbccfd4996cb3dc -> 
  custom:container-muxer-webm: aa71ff27fc2769a1b78a27578f13a17b -> 
  custom:container-demuxer-webm: 4f35f7cbe854078d1ac9338744f61a02 -> 
  custom:video-encoder-webm-vp8: eb34c28f22e8b96e1ab97ce403110664 -> 
  custom:video-codec-MediaFoundation-h265: 746d11721c4dcdbdad8f713fa42b33f4 -> 
  custom:audio-encoder-webm-vorbis: bf7c407c2cedff20999df2af8eb42d56 -> 
  custom:framework-win-MediaFoundation: 216162199b28c13a410421893ffa2e32 -> 
  custom:container-demuxer-ogg: 62fdf1f143b41e24485cea50d1cbac27 -> 
  custom:video-decoder-webm-vp8: 9c59270c3fd7afecdb556c50c9e8de78 -> 
  custom:audio-decoder-ogg-vorbis: bf7c407c2cedff20999df2af8eb42d56 -> 
